#
# There is insufficient memory for the Java Runtime Environment to continue.
# Native memory allocation (malloc) failed to allocate 32744 bytes for ChunkPool::allocate
# Possible reasons:
#   The system is out of physical RAM or swap space
#   The process is running with CompressedOops enabled, and the Java Heap may be blocking the growth of the native heap
# Possible solutions:
#   Reduce memory load on the system
#   Increase physical memory or swap space
#   Check if swap backing store is full
#   Decrease Java heap size (-Xmx/-Xms)
#   Decrease number of Java threads
#   Decrease Java thread stack sizes (-Xss)
#   Set larger code cache with -XX:ReservedCodeCacheSize=
#   JVM is running with Unscaled Compressed Oops mode in which the Java heap is
#     placed in the first 4GB address space. The Java Heap base address is the
#     maximum limit for the native heap growth. Please use -XX:HeapBaseMinAddress
#     to set the Java Heap base and to place the Java Heap above 4GB virtual address.
# This output file may be truncated or incomplete.
#
#  Out of Memory Error (allocation.cpp:272), pid=17048, tid=0x0000000000004de0
#
# JRE version: OpenJDK Runtime Environment (8.0_202-b03) (build 1.8.0_202-release-1483-b03)
# Java VM: OpenJDK 64-Bit Server VM (25.202-b03 mixed mode windows-amd64 compressed oops)
# Failed to write core dump. Minidumps are not enabled by default on client versions of Windows
#

---------------  T H R E A D  ---------------

Current thread (0x000000001762c000):  JavaThread "C2 CompilerThread0" daemon [_thread_in_native, id=19936, stack(0x0000000019170000,0x0000000019270000)]

Stack: [0x0000000019170000,0x0000000019270000]
[error occurred during error reporting (printing stack bounds), id 0xc0000005]

Native frames: (J=compiled Java code, j=interpreted, Vv=VM code, C=native code)


Current CompileTask:
C2:   1051  481       4       java.util.HashMap::get (23 bytes)


---------------  P R O C E S S  ---------------

Java Threads: ( => current thread )
  0x0000000018d36000 JavaThread "Service Thread" daemon [_thread_blocked, id=20620, stack(0x0000000019470000,0x0000000019570000)]
  0x0000000017634800 JavaThread "C1 CompilerThread2" daemon [_thread_in_native, id=13696, stack(0x0000000019370000,0x0000000019470000)]
  0x0000000017633000 JavaThread "C2 CompilerThread1" daemon [_thread_in_native, id=5584, stack(0x0000000019270000,0x0000000019370000)]
=>0x000000001762c000 JavaThread "C2 CompilerThread0" daemon [_thread_in_native, id=19936, stack(0x0000000019170000,0x0000000019270000)]
  0x0000000018cb2800 JavaThread "Monitor Ctrl-Break" daemon [_thread_in_native, id=12824, stack(0x0000000019070000,0x0000000019170000)]
  0x000000001760d800 JavaThread "Attach Listener" daemon [_thread_blocked, id=9132, stack(0x0000000018b70000,0x0000000018c70000)]
  0x000000001760c800 JavaThread "Signal Dispatcher" daemon [_thread_blocked, id=16252, stack(0x0000000018a70000,0x0000000018b70000)]
  0x0000000002b7b000 JavaThread "Finalizer" daemon [_thread_blocked, id=20604, stack(0x0000000018860000,0x0000000018960000)]
  0x00000000175e9000 JavaThread "Reference Handler" daemon [_thread_blocked, id=9980, stack(0x0000000018760000,0x0000000018860000)]
  0x0000000002a85800 JavaThread "main" [_thread_in_Java, id=16688, stack(0x00000000026d0000,0x00000000027d0000)]

Other Threads:
  0x00000000175c6800 VMThread [stack: 0x0000000018660000,0x0000000018760000] [id=13016]
  0x000000001765e800 WatcherThread [stack: 0x0000000019570000,0x0000000019670000] [id=13100]

VM state:not at safepoint (normal execution)

VM Mutex/Monitor currently owned by a thread: None

heap address: 0x0000000082c00000, size: 2004 MB, Compressed Oops mode: 32-bit
Narrow klass base: 0x0000000000000000, Narrow klass shift: 3
Compressed class space size: 1073741824 Address: 0x0000000100000000

Heap:
 PSYoungGen      total 37888K, used 10076K [0x00000000d6400000, 0x00000000d8e00000, 0x0000000100000000)
  eden space 32768K, 22% used [0x00000000d6400000,0x00000000d6b430f8,0x00000000d8400000)
  from space 5120K, 51% used [0x00000000d8400000,0x00000000d8694300,0x00000000d8900000)
  to   space 5120K, 0% used [0x00000000d8900000,0x00000000d8900000,0x00000000d8e00000)
 ParOldGen       total 86016K, used 8K [0x0000000082c00000, 0x0000000088000000, 0x00000000d6400000)
  object space 86016K, 0% used [0x0000000082c00000,0x0000000082c02000,0x0000000088000000)
 Metaspace       used 6630K, capacity 6786K, committed 7040K, reserved 1056768K
  class space    used 835K, capacity 853K, committed 896K, reserved 1048576K

Card table byte_map: [0x0000000011f40000,0x0000000012330000] byte_map_base: 0x0000000011b2a000

Marking Bits: (ParMarkBitMap*) 0x0000000073df9f30
 Begin Bits: [0x00000000129d0000, 0x0000000014920000)
 End Bits:   [0x0000000014920000, 0x0000000016870000)

Polling page: 0x0000000000f10000

CodeCache: size=245760Kb used=2503Kb max_used=2503Kb free=243256Kb
 bounds [0x0000000002b80000, 0x0000000002e00000, 0x0000000011b80000]
 total_blobs=765 nmethods=479 adapters=200
 compilation: enabled

Compilation events (10 events):
Event: 1.037 Thread 0x0000000017634800  476  s    3       java.util.Hashtable::get (69 bytes)
Event: 1.037 Thread 0x0000000017634800 nmethod 476 0x0000000002dddf10 code [0x0000000002dde0a0, 0x0000000002dde6d8]
Event: 1.037 Thread 0x0000000017634800  477  s    3       java.util.Hashtable::put (104 bytes)
Event: 1.038 Thread 0x0000000017634800 nmethod 477 0x0000000002dde950 code [0x0000000002ddeb20, 0x0000000002ddf2b8]
Event: 1.038 Thread 0x0000000017634800  478       1       java.util.Hashtable::access$500 (5 bytes)
Event: 1.038 Thread 0x0000000017634800 nmethod 478 0x0000000002ddf610 code [0x0000000002ddf760, 0x0000000002ddf850]
Event: 1.039 Thread 0x0000000017634800  479       3       java.util.Properties::saveConvert (434 bytes)
Event: 1.040 Thread 0x000000001762c000  480       4       java.util.zip.ZipFile::ensureOpen (37 bytes)
Event: 1.041 Thread 0x000000001762c000 nmethod 480 0x0000000002dd9210 code [0x0000000002dd9340, 0x0000000002dd93d8]
Event: 1.049 Thread 0x000000001762c000  481       4       java.util.HashMap::get (23 bytes)

GC Heap History (2 events):
Event: 0.920 GC heap before
{Heap before GC invocations=1 (full 0):
 PSYoungGen      total 37888K, used 32768K [0x00000000d6400000, 0x00000000d8e00000, 0x0000000100000000)
  eden space 32768K, 100% used [0x00000000d6400000,0x00000000d8400000,0x00000000d8400000)
  from space 5120K, 0% used [0x00000000d8900000,0x00000000d8900000,0x00000000d8e00000)
  to   space 5120K, 0% used [0x00000000d8400000,0x00000000d8400000,0x00000000d8900000)
 ParOldGen       total 86016K, used 0K [0x0000000082c00000, 0x0000000088000000, 0x00000000d6400000)
  object space 86016K, 0% used [0x0000000082c00000,0x0000000082c00000,0x0000000088000000)
 Metaspace       used 6167K, capacity 6290K, committed 6528K, reserved 1056768K
  class space    used 769K, capacity 821K, committed 896K, reserved 1048576K
Event: 0.924 GC heap after
Heap after GC invocations=1 (full 0):
 PSYoungGen      total 37888K, used 2640K [0x00000000d6400000, 0x00000000d8e00000, 0x0000000100000000)
  eden space 32768K, 0% used [0x00000000d6400000,0x00000000d6400000,0x00000000d8400000)
  from space 5120K, 51% used [0x00000000d8400000,0x00000000d8694300,0x00000000d8900000)
  to   space 5120K, 0% used [0x00000000d8900000,0x00000000d8900000,0x00000000d8e00000)
 ParOldGen       total 86016K, used 8K [0x0000000082c00000, 0x0000000088000000, 0x00000000d6400000)
  object space 86016K, 0% used [0x0000000082c00000,0x0000000082c02000,0x0000000088000000)
 Metaspace       used 6167K, capacity 6290K, committed 6528K, reserved 1056768K
  class space    used 769K, capacity 821K, committed 896K, reserved 1048576K
}

Deoptimization events (0 events):
No events

Classes redefined (0 events):
No events

Internal exceptions (10 events):
Event: 0.233 Thread 0x0000000002a85800 Exception <a 'java/security/PrivilegedActionException'> (0x00000000d6724668) thrown at [D:\src\AOSP-openjdk-cygwin\jdk8u\hotspot\src\share\vm\prims\jvm.cpp, line 1508]
Event: 0.233 Thread 0x0000000002a85800 Exception <a 'java/security/PrivilegedActionException'> (0x00000000d6724878) thrown at [D:\src\AOSP-openjdk-cygwin\jdk8u\hotspot\src\share\vm\prims\jvm.cpp, line 1508]
Event: 0.234 Thread 0x0000000002a85800 Exception <a 'java/security/PrivilegedActionException'> (0x00000000d6728480) thrown at [D:\src\AOSP-openjdk-cygwin\jdk8u\hotspot\src\share\vm\prims\jvm.cpp, line 1508]
Event: 0.234 Thread 0x0000000002a85800 Exception <a 'java/security/PrivilegedActionException'> (0x00000000d6728690) thrown at [D:\src\AOSP-openjdk-cygwin\jdk8u\hotspot\src\share\vm\prims\jvm.cpp, line 1508]
Event: 0.234 Thread 0x0000000002a85800 Exception <a 'java/security/PrivilegedActionException'> (0x00000000d6729bc8) thrown at [D:\src\AOSP-openjdk-cygwin\jdk8u\hotspot\src\share\vm\prims\jvm.cpp, line 1508]
Event: 0.234 Thread 0x0000000002a85800 Exception <a 'java/security/PrivilegedActionException'> (0x00000000d6729dd8) thrown at [D:\src\AOSP-openjdk-cygwin\jdk8u\hotspot\src\share\vm\prims\jvm.cpp, line 1508]
Event: 0.260 Thread 0x0000000002a85800 Exception <a 'java/security/PrivilegedActionException'> (0x00000000d67a0f18) thrown at [D:\src\AOSP-openjdk-cygwin\jdk8u\hotspot\src\share\vm\prims\jvm.cpp, line 1508]
Event: 0.260 Thread 0x0000000002a85800 Exception <a 'java/security/PrivilegedActionException'> (0x00000000d67a1128) thrown at [D:\src\AOSP-openjdk-cygwin\jdk8u\hotspot\src\share\vm\prims\jvm.cpp, line 1508]
Event: 0.260 Thread 0x0000000002a85800 Exception <a 'java/security/PrivilegedActionException'> (0x00000000d67a27d8) thrown at [D:\src\AOSP-openjdk-cygwin\jdk8u\hotspot\src\share\vm\prims\jvm.cpp, line 1508]
Event: 0.260 Thread 0x0000000002a85800 Exception <a 'java/security/PrivilegedActionException'> (0x00000000d67a29e8) thrown at [D:\src\AOSP-openjdk-cygwin\jdk8u\hotspot\src\share\vm\prims\jvm.cpp, line 1508]

Events (10 events):
Event: 1.030 loading class net/bytebuddy/implementation/bind/annotation/Empty
Event: 1.030 loading class net/bytebuddy/implementation/bind/annotation/Empty done
Event: 1.032 loading class net/bytebuddy/implementation/MethodDelegation$ImplementationDelegate$ForStaticMethod
Event: 1.032 loading class net/bytebuddy/implementation/MethodDelegation$ImplementationDelegate$ForStaticMethod done
Event: 1.035 loading class net/bytebuddy/implementation/MethodDelegation$ImplementationDelegate$Compiled
Event: 1.035 loading class net/bytebuddy/implementation/MethodDelegation$ImplementationDelegate$Compiled done
Event: 1.038 loading class net/bytebuddy/implementation/bind/annotation/IgnoreForBinding$Verifier
Event: 1.038 loading class net/bytebuddy/implementation/bind/annotation/IgnoreForBinding$Verifier done
Event: 1.044 loading class net/bytebuddy/implementation/bind/annotation/RuntimeType
Event: 1.044 loading class net/bytebuddy/implementation/bind/annotation/RuntimeType done


Dynamic libraries:
0x00007ff7b6b90000 - 0x00007ff7b6bc1000 	D:\Program Files\Android\Android Studio\jre\bin\java.exe
0x00007ffce5710000 - 0x00007ffce5904000 	C:\WINDOWS\SYSTEM32\ntdll.dll
0x00007ffce5420000 - 0x00007ffce54dd000 	C:\WINDOWS\System32\KERNEL32.DLL
0x00007ffce3310000 - 0x00007ffce35d7000 	C:\WINDOWS\System32\KERNELBASE.dll
0x00007ffce3ac0000 - 0x00007ffce3b6a000 	C:\WINDOWS\System32\ADVAPI32.dll
0x00007ffce5240000 - 0x00007ffce52de000 	C:\WINDOWS\System32\msvcrt.dll
0x00007ffce44d0000 - 0x00007ffce456b000 	C:\WINDOWS\System32\sechost.dll
0x00007ffce3bd0000 - 0x00007ffce3cf3000 	C:\WINDOWS\System32\RPCRT4.dll
0x00007ffce3d00000 - 0x00007ffce3ea0000 	C:\WINDOWS\System32\USER32.dll
0x00007ffce30d0000 - 0x00007ffce30f2000 	C:\WINDOWS\System32\win32u.dll
0x00007ffce52e0000 - 0x00007ffce530a000 	C:\WINDOWS\System32\GDI32.dll
0x00007ffce3200000 - 0x00007ffce330a000 	C:\WINDOWS\System32\gdi32full.dll
0x00007ffce2e50000 - 0x00007ffce2eed000 	C:\WINDOWS\System32\msvcp_win.dll
0x00007ffce3100000 - 0x00007ffce3200000 	C:\WINDOWS\System32\ucrtbase.dll
0x00007ffcd2ab0000 - 0x00007ffcd2d4a000 	C:\WINDOWS\WinSxS\amd64_microsoft.windows.common-controls_6595b64144ccf1df_6.0.19041.1_none_b555e41d4684ddec\COMCTL32.dll
0x00007ffce5210000 - 0x00007ffce5240000 	C:\WINDOWS\System32\IMM32.DLL
0x0000000072f10000 - 0x0000000072fe2000 	D:\Program Files\Android\Android Studio\jre\jre\bin\msvcr100.dll
0x0000000073630000 - 0x0000000073e76000 	D:\Program Files\Android\Android Studio\jre\jre\bin\server\jvm.dll
0x00007ffce3800000 - 0x00007ffce3808000 	C:\WINDOWS\System32\PSAPI.DLL
0x00007ffcd2590000 - 0x00007ffcd2599000 	C:\WINDOWS\SYSTEM32\WSOCK32.dll
0x00007ffce5310000 - 0x00007ffce537b000 	C:\WINDOWS\System32\WS2_32.dll
0x00007ffcd3ba0000 - 0x00007ffcd3bc7000 	C:\WINDOWS\SYSTEM32\WINMM.dll
0x00007ffcdbea0000 - 0x00007ffcdbeaa000 	C:\WINDOWS\SYSTEM32\VERSION.dll
0x00007ffcd4710000 - 0x00007ffcd471f000 	D:\Program Files\Android\Android Studio\jre\jre\bin\verify.dll
0x00007ffcc2f70000 - 0x00007ffcc2f99000 	D:\Program Files\Android\Android Studio\jre\jre\bin\java.dll
0x00007ffcdc4f0000 - 0x00007ffcdc513000 	D:\Program Files\Android\Android Studio\jre\jre\bin\instrument.dll
0x00007ffcc6880000 - 0x00007ffcc6896000 	D:\Program Files\Android\Android Studio\jre\jre\bin\zip.dll
0x00007ffce48e0000 - 0x00007ffce5011000 	C:\WINDOWS\System32\SHELL32.dll
0x00007ffce0fe0000 - 0x00007ffce176a000 	C:\WINDOWS\SYSTEM32\windows.storage.dll
0x00007ffce4570000 - 0x00007ffce48c4000 	C:\WINDOWS\System32\combase.dll
0x00007ffce2800000 - 0x00007ffce282b000 	C:\WINDOWS\SYSTEM32\Wldp.dll
0x00007ffce5100000 - 0x00007ffce51ae000 	C:\WINDOWS\System32\SHCORE.dll
0x00007ffce51b0000 - 0x00007ffce5205000 	C:\WINDOWS\System32\shlwapi.dll
0x00007ffce2d90000 - 0x00007ffce2daf000 	C:\WINDOWS\SYSTEM32\profapi.dll
0x00007ffcdd390000 - 0x00007ffcdd3aa000 	D:\Program Files\Android\Android Studio\bin\breakgen64.dll
0x00007ffcc2a30000 - 0x00007ffcc2a4a000 	D:\Program Files\Android\Android Studio\jre\jre\bin\net.dll
0x00007ffce2580000 - 0x00007ffce25ea000 	C:\WINDOWS\system32\mswsock.dll

VM Arguments:
jvm_args: -ea -Didea.test.cyclic.buffer.size=1048576 -javaagent:D:\Program Files\Android\Android Studio\lib\idea_rt.jar=56441:D:\Program Files\Android\Android Studio\bin -Dfile.encoding=UTF-8 
java_command: com.intellij.rt.execution.junit.JUnitStarter -ideVersion5 -junit4 com.example.testeandroidibm.TestLogin
java_class_path (initial): D:\Program Files\Android\Android Studio\lib\idea_rt.jar;D:\Program Files\Android\Android Studio\plugins\junit\lib\junit-rt.jar;D:\Program Files\Android\Android Studio\plugins\junit\lib\junit5-rt.jar;D:\AndroidSDK\platforms\android-29\data\res;C:\Users\mia_a\AndroidStudioProjects\TesteAndroidIBM\app\build\intermediates\javac\debugUnitTest\classes;C:\Users\mia_a\AndroidStudioProjects\TesteAndroidIBM\app\build\intermediates\javac\debug\classes;C:\Users\mia_a\AndroidStudioProjects\TesteAndroidIBM\app\build\generated\res\resValues\debug;C:\Users\mia_a\.gradle\caches\modules-2\files-2.1\junit\junit\4.12\2973d150c0dc1fefe998f834810d68f278ea58ec\junit-4.12.jar;C:\Users\mia_a\.gradle\caches\modules-2\files-2.1\org.hamcrest\hamcrest-core\1.3\42a25dc3219429f0e5d060061f71acb49bf010a0\hamcrest-core-1.3.jar;C:\Users\mia_a\.gradle\caches\modules-2\files-2.1\org.mockito\mockito-core\2.7.22\fcf63bc8010ca77991e3cadd8d33ad1a40603404\mockito-core-2.7.22.jar;C:\Users\mia_a\.gradle\caches\modules-2\files-2.1\androidx.collection\collection\1.1.0\1f27220b47669781457de0d600849a5de0e89909\collection-1.1.0.jar;C:\Users\mia_a\.gradle\caches\modules-2\files-2.1\androidx.lifecycle\lifecycle-common\2.1.0\c67e7807d9cd6c329b9d0218b2ec4e505dd340b7\lifecycle-common-2.1.0.jar;C:\Users\mia_a\.gradle\caches\modules-2\files-2.1\androidx.arch.core\core-common\2.1.0\b3152fc64428c9354344bd89848ecddc09b6f07e\core-common-2.1.0.jar;C:\Users\mia_a\.gradle\caches\modules-2\files-2.1\androidx.annotation\annotation\1.1.0\e3a6fb2f40e3a3842e6b7472628ba4ce416ea4c8\annotation-1.1.0.jar;C:\Users\mia_a\.gradle\caches\modules-2\files-2.1\androidx.constraintlayout\constraintlayout-solver\1.1.3\54abe9ffb22cc9019b0b6fcc10f185cc4e67b34e\constraintlayout-solver-1.1.3.jar;C:\Users\mia_a\.gradle\caches\modules-2\files-2.1\com.squareup.retrofit2\converter-gson\2.3.0\9e09011e9767bb76b5e27c9b8223476b93b14631\converter-gson-2.3.0.jar;C:\Users\mia_a\.gradle\caches\modules-2\files-2.1\com.google.code.gson
Launcher Type: SUN_STANDARD

Environment Variables:
PATH=C:\Windows\system32;C:\Windows;C:\Windows\System32\Wbem;C:\Windows\System32\WindowsPowerShell\v1.0\;C:\Windows\System32\OpenSSH\;C:\Program Files (x86)\NVIDIA Corporation\PhysX\Common;C:\Program Files\NVIDIA Corporation\NVIDIA NvDLISR;C:\Program Files\Condusiv Technologies\ExpressCache\;C:\Program Files\Git\cmd;C:\Program Files\Microsoft SQL Server\130\Tools\Binn\;C:\WINDOWS\system32;C:\WINDOWS;C:\WINDOWS\System32\Wbem;C:\WINDOWS\System32\WindowsPowerShell\v1.0\;C:\WINDOWS\System32\OpenSSH\;C:\ProgramData\chocolatey\bin;C:\Program Files\nodejs\;C:\Program Files\PowerShell\6\;C:\Program Files\dotnet\;C:\Program Files\Microsoft SQL Server\Client SDK\ODBC\170\Tools\Binn\;C:\Users\mia_a\AppData\Local\Microsoft\WindowsApps;
USERNAME=mia_a
OS=Windows_NT
PROCESSOR_IDENTIFIER=Intel64 Family 6 Model 58 Stepping 9, GenuineIntel



---------------  S Y S T E M  ---------------

OS: Windows 10.0 , 64 bit Build 19041 (10.0.19041.1)

CPU:total 4 (initial active 4) (2 cores per cpu, 2 threads per core) family 6 model 58 stepping 9, cmov, cx8, fxsr, mmx, sse, sse2, sse3, ssse3, sse4.1, sse4.2, popcnt, avx, aes, clmul, erms, ht, tsc, tscinvbit, tscinv

Memory: 4k page, physical 8205924k(1297996k free), swap 10954208k(5440k free)

vm_info: OpenJDK 64-Bit Server VM (25.202-b03) for windows-amd64 JRE (1.8.0_202-release-1483-b03), built by "builder" with MS VC++ 10.0 (VS2010)

time: Fri Mar 13 22:00:27 2020
timezone: Hora oficial do Brasil
elapsed time: 1 seconds (0d 0h 0m 1s)

